{"C:\\Users\\Juuso Lassila\\OneDrive\\Asiakirjat\\Opiskelu\\Harjoitukset\\fullstack\\fullstack-kurssi-tehtavat\\Osa4\\projekti6\\app.js": {"path":"C:\\Users\\Juuso Lassila\\OneDrive\\Asiakirjat\\Opiskelu\\Harjoitukset\\fullstack\\fullstack-kurssi-tehtavat\\Osa4\\projekti6\\app.js","statementMap":{"0":{"start":{"line":1,"column":13},"end":{"line":1,"column":28}},"1":{"start":{"line":2,"column":16},"end":{"line":2,"column":34}},"2":{"start":{"line":3,"column":12},"end":{"line":3,"column":21}},"3":{"start":{"line":4,"column":19},"end":{"line":4,"column":41}},"4":{"start":{"line":5,"column":13},"end":{"line":5,"column":28}},"5":{"start":{"line":6,"column":20},"end":{"line":6,"column":49}},"6":{"start":{"line":7,"column":21},"end":{"line":7,"column":46}},"7":{"start":{"line":11,"column":0},"end":{"line":11,"column":15}},"8":{"start":{"line":12,"column":0},"end":{"line":12,"column":26}},"9":{"start":{"line":13,"column":0},"end":{"line":13,"column":34}},"10":{"start":{"line":15,"column":13},"end":{"line":15,"column":35}},"11":{"start":{"line":17,"column":11},"end":{"line":17,"column":28}},"12":{"start":{"line":18,"column":0},"end":{"line":20,"column":2}},"13":{"start":{"line":19,"column":1},"end":{"line":19,"column":46}},"14":{"start":{"line":22,"column":0},"end":{"line":24,"column":2}},"15":{"start":{"line":23,"column":1},"end":{"line":23,"column":47}},"16":{"start":{"line":26,"column":0},"end":{"line":26,"column":30}}},"fnMap":{"0":{"name":"(anonymous_0)","decl":{"start":{"line":18,"column":20},"end":{"line":18,"column":21}},"loc":{"start":{"line":18,"column":26},"end":{"line":20,"column":1}},"line":18},"1":{"name":"(anonymous_1)","decl":{"start":{"line":22,"column":19},"end":{"line":22,"column":20}},"loc":{"start":{"line":22,"column":25},"end":{"line":24,"column":1}},"line":22}},"branchMap":{},"s":{"0":1,"1":1,"2":1,"3":1,"4":1,"5":1,"6":1,"7":1,"8":1,"9":1,"10":1,"11":1,"12":1,"13":1,"14":1,"15":0,"16":1},"f":{"0":1,"1":0},"b":{},"_coverageSchema":"332fd63041d2c1bcb487cc26dd0d5f7d97098a6c","hash":"409f95ade71d43e9dd9bcc95b2c23a03fd1455dc"}
,"C:\\Users\\Juuso Lassila\\OneDrive\\Asiakirjat\\Opiskelu\\Harjoitukset\\fullstack\\fullstack-kurssi-tehtavat\\Osa4\\projekti6\\mongooseConfig.js": {"path":"C:\\Users\\Juuso Lassila\\OneDrive\\Asiakirjat\\Opiskelu\\Harjoitukset\\fullstack\\fullstack-kurssi-tehtavat\\Osa4\\projekti6\\mongooseConfig.js","statementMap":{"0":{"start":{"line":1,"column":17},"end":{"line":1,"column":36}},"1":{"start":{"line":2,"column":14},"end":{"line":2,"column":45}},"2":{"start":{"line":5,"column":0},"end":{"line":5,"column":23}},"3":{"start":{"line":6,"column":0},"end":{"line":6,"column":33}},"4":{"start":{"line":8,"column":0},"end":{"line":8,"column":25}}},"fnMap":{},"branchMap":{},"s":{"0":1,"1":1,"2":1,"3":1,"4":1},"f":{},"b":{},"_coverageSchema":"332fd63041d2c1bcb487cc26dd0d5f7d97098a6c","hash":"8e51ce78987bb9b08f9f0b5b54b9b7e7dc7423ab"}
,"C:\\Users\\Juuso Lassila\\OneDrive\\Asiakirjat\\Opiskelu\\Harjoitukset\\fullstack\\fullstack-kurssi-tehtavat\\Osa4\\projekti6\\serverConfig.js": {"path":"C:\\Users\\Juuso Lassila\\OneDrive\\Asiakirjat\\Opiskelu\\Harjoitukset\\fullstack\\fullstack-kurssi-tehtavat\\Osa4\\projekti6\\serverConfig.js","statementMap":{"0":{"start":{"line":1,"column":0},"end":{"line":3,"column":1}},"1":{"start":{"line":2,"column":1},"end":{"line":2,"column":27}},"2":{"start":{"line":7,"column":0},"end":{"line":11,"column":1}},"3":{"start":{"line":8,"column":1},"end":{"line":8,"column":24}},"4":{"start":{"line":10,"column":1},"end":{"line":10,"column":28}},"5":{"start":{"line":14,"column":0},"end":{"line":18,"column":1}},"6":{"start":{"line":15,"column":1},"end":{"line":15,"column":32}},"7":{"start":{"line":17,"column":1},"end":{"line":17,"column":37}},"8":{"start":{"line":20,"column":0},"end":{"line":20,"column":30}}},"fnMap":{},"branchMap":{"0":{"loc":{"start":{"line":1,"column":0},"end":{"line":3,"column":1}},"type":"if","locations":[{"start":{"line":1,"column":0},"end":{"line":3,"column":1}},{"start":{"line":1,"column":0},"end":{"line":3,"column":1}}],"line":1},"1":{"loc":{"start":{"line":7,"column":0},"end":{"line":11,"column":1}},"type":"if","locations":[{"start":{"line":7,"column":0},"end":{"line":11,"column":1}},{"start":{"line":7,"column":0},"end":{"line":11,"column":1}}],"line":7},"2":{"loc":{"start":{"line":14,"column":0},"end":{"line":18,"column":1}},"type":"if","locations":[{"start":{"line":14,"column":0},"end":{"line":18,"column":1}},{"start":{"line":14,"column":0},"end":{"line":18,"column":1}}],"line":14}},"s":{"0":1,"1":1,"2":1,"3":0,"4":1,"5":1,"6":0,"7":1,"8":1},"f":{},"b":{"0":[1,0],"1":[0,1],"2":[0,1]},"_coverageSchema":"332fd63041d2c1bcb487cc26dd0d5f7d97098a6c","hash":"3a022aa94bf63e1bc47e0c526394b2e3357601dd"}
,"C:\\Users\\Juuso Lassila\\OneDrive\\Asiakirjat\\Opiskelu\\Harjoitukset\\fullstack\\fullstack-kurssi-tehtavat\\Osa4\\projekti6\\controller\\blogs.js": {"path":"C:\\Users\\Juuso Lassila\\OneDrive\\Asiakirjat\\Opiskelu\\Harjoitukset\\fullstack\\fullstack-kurssi-tehtavat\\Osa4\\projekti6\\controller\\blogs.js","statementMap":{"0":{"start":{"line":1,"column":15},"end":{"line":1,"column":42}},"1":{"start":{"line":2,"column":13},"end":{"line":2,"column":38}},"2":{"start":{"line":4,"column":17},"end":{"line":9,"column":1}},"3":{"start":{"line":5,"column":15},"end":{"line":5,"column":43}},"4":{"start":{"line":6,"column":1},"end":{"line":6,"column":19}},"5":{"start":{"line":7,"column":1},"end":{"line":7,"column":19}},"6":{"start":{"line":8,"column":1},"end":{"line":8,"column":15}},"7":{"start":{"line":11,"column":0},"end":{"line":18,"column":2}},"8":{"start":{"line":12,"column":1},"end":{"line":17,"column":2}},"9":{"start":{"line":13,"column":14},"end":{"line":13,"column":33}},"10":{"start":{"line":14,"column":2},"end":{"line":14,"column":38}},"11":{"start":{"line":16,"column":2},"end":{"line":16,"column":50}},"12":{"start":{"line":20,"column":0},"end":{"line":29,"column":2}},"13":{"start":{"line":21,"column":1},"end":{"line":28,"column":2}},"14":{"start":{"line":22,"column":15},"end":{"line":22,"column":37}},"15":{"start":{"line":24,"column":15},"end":{"line":24,"column":32}},"16":{"start":{"line":25,"column":2},"end":{"line":25,"column":35}},"17":{"start":{"line":27,"column":2},"end":{"line":27,"column":50}},"18":{"start":{"line":31,"column":0},"end":{"line":39,"column":2}},"19":{"start":{"line":32,"column":1},"end":{"line":37,"column":2}},"20":{"start":{"line":33,"column":2},"end":{"line":33,"column":23}},"21":{"start":{"line":34,"column":2},"end":{"line":34,"column":28}},"22":{"start":{"line":36,"column":2},"end":{"line":36,"column":55}},"23":{"start":{"line":41,"column":0},"end":{"line":48,"column":2}},"24":{"start":{"line":42,"column":1},"end":{"line":47,"column":2}},"25":{"start":{"line":43,"column":2},"end":{"line":43,"column":49}},"26":{"start":{"line":44,"column":2},"end":{"line":44,"column":28}},"27":{"start":{"line":46,"column":2},"end":{"line":46,"column":55}},"28":{"start":{"line":50,"column":0},"end":{"line":50,"column":23}}},"fnMap":{"0":{"name":"(anonymous_0)","decl":{"start":{"line":4,"column":17},"end":{"line":4,"column":18}},"loc":{"start":{"line":4,"column":27},"end":{"line":9,"column":1}},"line":4},"1":{"name":"(anonymous_1)","decl":{"start":{"line":11,"column":16},"end":{"line":11,"column":17}},"loc":{"start":{"line":11,"column":45},"end":{"line":18,"column":1}},"line":11},"2":{"name":"(anonymous_2)","decl":{"start":{"line":20,"column":17},"end":{"line":20,"column":18}},"loc":{"start":{"line":20,"column":46},"end":{"line":29,"column":1}},"line":20},"3":{"name":"(anonymous_3)","decl":{"start":{"line":31,"column":19},"end":{"line":31,"column":20}},"loc":{"start":{"line":31,"column":48},"end":{"line":39,"column":1}},"line":31},"4":{"name":"(anonymous_4)","decl":{"start":{"line":41,"column":22},"end":{"line":41,"column":23}},"loc":{"start":{"line":41,"column":51},"end":{"line":48,"column":1}},"line":41}},"branchMap":{},"s":{"0":1,"1":1,"2":1,"3":13,"4":13,"5":13,"6":13,"7":1,"8":2,"9":2,"10":2,"11":0,"12":1,"13":1,"14":1,"15":1,"16":1,"17":0,"18":1,"19":0,"20":0,"21":0,"22":0,"23":1,"24":0,"25":0,"26":0,"27":0,"28":1},"f":{"0":13,"1":2,"2":1,"3":0,"4":0},"b":{},"_coverageSchema":"332fd63041d2c1bcb487cc26dd0d5f7d97098a6c","hash":"7e9d78ca5d2c619ca1cc9a961265af4f32ff7e60"}
,"C:\\Users\\Juuso Lassila\\OneDrive\\Asiakirjat\\Opiskelu\\Harjoitukset\\fullstack\\fullstack-kurssi-tehtavat\\Osa4\\projekti6\\models\\blog.js": {"path":"C:\\Users\\Juuso Lassila\\OneDrive\\Asiakirjat\\Opiskelu\\Harjoitukset\\fullstack\\fullstack-kurssi-tehtavat\\Osa4\\projekti6\\models\\blog.js","statementMap":{"0":{"start":{"line":1,"column":15},"end":{"line":1,"column":43}},"1":{"start":{"line":3,"column":13},"end":{"line":8,"column":2}},"2":{"start":{"line":10,"column":0},"end":{"line":10,"column":21}}},"fnMap":{},"branchMap":{},"s":{"0":1,"1":1,"2":1},"f":{},"b":{},"_coverageSchema":"332fd63041d2c1bcb487cc26dd0d5f7d97098a6c","hash":"2f9ae3e0e251a5c5c2ed3d0a73c27a20b266f735"}
,"C:\\Users\\Juuso Lassila\\OneDrive\\Asiakirjat\\Opiskelu\\Harjoitukset\\fullstack\\fullstack-kurssi-tehtavat\\Osa4\\projekti6\\utils\\list_helpers.js": {"path":"C:\\Users\\Juuso Lassila\\OneDrive\\Asiakirjat\\Opiskelu\\Harjoitukset\\fullstack\\fullstack-kurssi-tehtavat\\Osa4\\projekti6\\utils\\list_helpers.js","statementMap":{"0":{"start":{"line":1,"column":14},"end":{"line":3,"column":1}},"1":{"start":{"line":2,"column":1},"end":{"line":2,"column":9}},"2":{"start":{"line":5,"column":19},"end":{"line":7,"column":1}},"3":{"start":{"line":6,"column":1},"end":{"line":6,"column":52}},"4":{"start":{"line":6,"column":35},"end":{"line":6,"column":48}},"5":{"start":{"line":9,"column":21},"end":{"line":16,"column":1}},"6":{"start":{"line":10,"column":13},"end":{"line":10,"column":50}},"7":{"start":{"line":10,"column":39},"end":{"line":10,"column":49}},"8":{"start":{"line":11,"column":1},"end":{"line":15,"column":2}},"9":{"start":{"line":12,"column":2},"end":{"line":12,"column":21}},"10":{"start":{"line":14,"column":2},"end":{"line":14,"column":14}},"11":{"start":{"line":18,"column":18},"end":{"line":25,"column":1}},"12":{"start":{"line":19,"column":15},"end":{"line":19,"column":33}},"13":{"start":{"line":20,"column":13},"end":{"line":20,"column":52}},"14":{"start":{"line":20,"column":41},"end":{"line":20,"column":51}},"15":{"start":{"line":21,"column":1},"end":{"line":23,"column":2}},"16":{"start":{"line":22,"column":2},"end":{"line":22,"column":13}},"17":{"start":{"line":24,"column":1},"end":{"line":24,"column":22}},"18":{"start":{"line":27,"column":18},"end":{"line":34,"column":1}},"19":{"start":{"line":28,"column":15},"end":{"line":28,"column":33}},"20":{"start":{"line":29,"column":13},"end":{"line":29,"column":52}},"21":{"start":{"line":29,"column":41},"end":{"line":29,"column":51}},"22":{"start":{"line":30,"column":1},"end":{"line":32,"column":2}},"23":{"start":{"line":31,"column":2},"end":{"line":31,"column":13}},"24":{"start":{"line":33,"column":1},"end":{"line":33,"column":22}},"25":{"start":{"line":36,"column":17},"end":{"line":52,"column":1}},"26":{"start":{"line":37,"column":1},"end":{"line":39,"column":2}},"27":{"start":{"line":38,"column":2},"end":{"line":38,"column":12}},"28":{"start":{"line":40,"column":16},"end":{"line":40,"column":30}},"29":{"start":{"line":41,"column":16},"end":{"line":41,"column":17}},"30":{"start":{"line":43,"column":1},"end":{"line":49,"column":3}},"31":{"start":{"line":44,"column":18},"end":{"line":44,"column":29}},"32":{"start":{"line":45,"column":2},"end":{"line":48,"column":3}},"33":{"start":{"line":46,"column":3},"end":{"line":46,"column":23}},"34":{"start":{"line":47,"column":3},"end":{"line":47,"column":19}},"35":{"start":{"line":51,"column":1},"end":{"line":51,"column":16}},"36":{"start":{"line":54,"column":20},"end":{"line":69,"column":1}},"37":{"start":{"line":55,"column":15},"end":{"line":55,"column":24}},"38":{"start":{"line":56,"column":15},"end":{"line":56,"column":17}},"39":{"start":{"line":57,"column":1},"end":{"line":67,"column":3}},"40":{"start":{"line":58,"column":2},"end":{"line":66,"column":3}},"41":{"start":{"line":59,"column":15},"end":{"line":59,"column":49}},"42":{"start":{"line":60,"column":3},"end":{"line":60,"column":29}},"43":{"start":{"line":61,"column":3},"end":{"line":61,"column":16}},"44":{"start":{"line":63,"column":15},"end":{"line":63,"column":29}},"45":{"start":{"line":64,"column":3},"end":{"line":64,"column":69}},"46":{"start":{"line":65,"column":3},"end":{"line":65,"column":35}},"47":{"start":{"line":68,"column":1},"end":{"line":68,"column":15}},"48":{"start":{"line":71,"column":0},"end":{"line":73,"column":1}}},"fnMap":{"0":{"name":"(anonymous_0)","decl":{"start":{"line":1,"column":14},"end":{"line":1,"column":15}},"loc":{"start":{"line":1,"column":25},"end":{"line":3,"column":1}},"line":1},"1":{"name":"(anonymous_1)","decl":{"start":{"line":5,"column":19},"end":{"line":5,"column":20}},"loc":{"start":{"line":5,"column":30},"end":{"line":7,"column":1}},"line":5},"2":{"name":"(anonymous_2)","decl":{"start":{"line":6,"column":21},"end":{"line":6,"column":22}},"loc":{"start":{"line":6,"column":35},"end":{"line":6,"column":48}},"line":6},"3":{"name":"(anonymous_3)","decl":{"start":{"line":9,"column":21},"end":{"line":9,"column":22}},"loc":{"start":{"line":9,"column":32},"end":{"line":16,"column":1}},"line":9},"4":{"name":"(anonymous_4)","decl":{"start":{"line":10,"column":29},"end":{"line":10,"column":30}},"loc":{"start":{"line":10,"column":39},"end":{"line":10,"column":49}},"line":10},"5":{"name":"(anonymous_5)","decl":{"start":{"line":18,"column":18},"end":{"line":18,"column":19}},"loc":{"start":{"line":18,"column":29},"end":{"line":25,"column":1}},"line":18},"6":{"name":"(anonymous_6)","decl":{"start":{"line":20,"column":31},"end":{"line":20,"column":32}},"loc":{"start":{"line":20,"column":41},"end":{"line":20,"column":51}},"line":20},"7":{"name":"(anonymous_7)","decl":{"start":{"line":27,"column":18},"end":{"line":27,"column":19}},"loc":{"start":{"line":27,"column":29},"end":{"line":34,"column":1}},"line":27},"8":{"name":"(anonymous_8)","decl":{"start":{"line":29,"column":31},"end":{"line":29,"column":32}},"loc":{"start":{"line":29,"column":41},"end":{"line":29,"column":51}},"line":29},"9":{"name":"(anonymous_9)","decl":{"start":{"line":36,"column":17},"end":{"line":36,"column":18}},"loc":{"start":{"line":36,"column":34},"end":{"line":52,"column":1}},"line":36},"10":{"name":"(anonymous_10)","decl":{"start":{"line":43,"column":14},"end":{"line":43,"column":15}},"loc":{"start":{"line":43,"column":31},"end":{"line":49,"column":2}},"line":43},"11":{"name":"(anonymous_11)","decl":{"start":{"line":54,"column":20},"end":{"line":54,"column":21}},"loc":{"start":{"line":54,"column":31},"end":{"line":69,"column":1}},"line":54},"12":{"name":"(anonymous_12)","decl":{"start":{"line":57,"column":15},"end":{"line":57,"column":16}},"loc":{"start":{"line":57,"column":26},"end":{"line":67,"column":2}},"line":57}},"branchMap":{"0":{"loc":{"start":{"line":11,"column":1},"end":{"line":15,"column":2}},"type":"if","locations":[{"start":{"line":11,"column":1},"end":{"line":15,"column":2}},{"start":{"line":11,"column":1},"end":{"line":15,"column":2}}],"line":11},"1":{"loc":{"start":{"line":21,"column":1},"end":{"line":23,"column":2}},"type":"if","locations":[{"start":{"line":21,"column":1},"end":{"line":23,"column":2}},{"start":{"line":21,"column":1},"end":{"line":23,"column":2}}],"line":21},"2":{"loc":{"start":{"line":30,"column":1},"end":{"line":32,"column":2}},"type":"if","locations":[{"start":{"line":30,"column":1},"end":{"line":32,"column":2}},{"start":{"line":30,"column":1},"end":{"line":32,"column":2}}],"line":30},"3":{"loc":{"start":{"line":37,"column":1},"end":{"line":39,"column":2}},"type":"if","locations":[{"start":{"line":37,"column":1},"end":{"line":39,"column":2}},{"start":{"line":37,"column":1},"end":{"line":39,"column":2}}],"line":37},"4":{"loc":{"start":{"line":45,"column":2},"end":{"line":48,"column":3}},"type":"if","locations":[{"start":{"line":45,"column":2},"end":{"line":48,"column":3}},{"start":{"line":45,"column":2},"end":{"line":48,"column":3}}],"line":45},"5":{"loc":{"start":{"line":58,"column":2},"end":{"line":66,"column":3}},"type":"if","locations":[{"start":{"line":58,"column":2},"end":{"line":66,"column":3}},{"start":{"line":58,"column":2},"end":{"line":66,"column":3}}],"line":58}},"s":{"0":1,"1":1,"2":1,"3":3,"4":7,"5":1,"6":3,"7":9,"8":3,"9":2,"10":1,"11":1,"12":3,"13":3,"14":6,"15":3,"16":1,"17":2,"18":1,"19":3,"20":3,"21":6,"22":3,"23":1,"24":2,"25":1,"26":9,"27":3,"28":6,"29":6,"30":6,"31":15,"32":15,"33":4,"34":4,"35":6,"36":1,"37":6,"38":6,"39":6,"40":14,"41":6,"42":6,"43":6,"44":8,"45":8,"46":8,"47":6,"48":1},"f":{"0":1,"1":3,"2":7,"3":3,"4":9,"5":3,"6":6,"7":3,"8":6,"9":9,"10":15,"11":6,"12":14},"b":{"0":[2,1],"1":[1,2],"2":[1,2],"3":[3,6],"4":[4,11],"5":[6,8]},"_coverageSchema":"332fd63041d2c1bcb487cc26dd0d5f7d97098a6c","hash":"8021954afb89050c0ccac6ead72de183ad614059"}
}
