TN:
SF:C:\Users\Juuso Lassila\OneDrive\Asiakirjat\Opiskelu\Harjoitukset\fullstack\fullstack-kurssi-tehtavat\Osa4\projekti6\utils\list_helpers.js
FN:1,(anonymous_0)
FN:5,(anonymous_1)
FN:6,(anonymous_2)
FN:9,(anonymous_3)
FN:10,(anonymous_4)
FN:19,(anonymous_5)
FN:26,(anonymous_6)
FNF:7
FNH:7
FNDA:1,(anonymous_0)
FNDA:3,(anonymous_1)
FNDA:7,(anonymous_2)
FNDA:3,(anonymous_3)
FNDA:9,(anonymous_4)
FNDA:3,(anonymous_5)
FNDA:7,(anonymous_6)
DA:1,1
DA:2,1
DA:5,1
DA:6,7
DA:9,1
DA:10,9
DA:11,3
DA:12,2
DA:14,1
DA:19,1
DA:20,3
DA:21,1
DA:23,2
DA:24,2
DA:26,2
DA:27,7
DA:28,7
DA:29,1
DA:30,1
DA:34,2
DA:37,1
LF:21
LH:21
BRDA:11,0,0,2
BRDA:11,0,1,1
BRDA:20,1,0,1
BRDA:20,1,1,2
BRDA:28,2,0,1
BRDA:28,2,1,6
BRF:6
BRH:6
end_of_record
