TN:
SF:C:\Users\Juuso Lassila\OneDrive\Asiakirjat\Opiskelu\Harjoitukset\fullstack\fullstack-kurssi-tehtavat\Osa4\projekti6\utils\list_helpers.js
FN:1,(anonymous_0)
FN:5,(anonymous_1)
FN:6,(anonymous_2)
FN:9,(anonymous_3)
FN:10,(anonymous_4)
FN:18,(anonymous_5)
FN:20,(anonymous_6)
FN:27,(anonymous_7)
FN:29,(anonymous_8)
FN:36,(anonymous_9)
FN:43,(anonymous_10)
FN:54,(anonymous_11)
FN:57,(anonymous_12)
FNF:13
FNH:13
FNDA:1,(anonymous_0)
FNDA:3,(anonymous_1)
FNDA:7,(anonymous_2)
FNDA:3,(anonymous_3)
FNDA:9,(anonymous_4)
FNDA:3,(anonymous_5)
FNDA:6,(anonymous_6)
FNDA:3,(anonymous_7)
FNDA:6,(anonymous_8)
FNDA:9,(anonymous_9)
FNDA:15,(anonymous_10)
FNDA:6,(anonymous_11)
FNDA:14,(anonymous_12)
DA:1,1
DA:2,1
DA:5,1
DA:6,7
DA:9,1
DA:10,9
DA:11,3
DA:12,2
DA:14,1
DA:18,1
DA:19,3
DA:20,6
DA:21,3
DA:22,1
DA:24,2
DA:27,1
DA:28,3
DA:29,6
DA:30,3
DA:31,1
DA:33,2
DA:36,1
DA:37,9
DA:38,3
DA:40,6
DA:41,6
DA:43,6
DA:44,15
DA:45,15
DA:46,4
DA:47,4
DA:51,6
DA:54,1
DA:55,6
DA:56,6
DA:57,6
DA:58,14
DA:59,6
DA:60,6
DA:61,6
DA:63,8
DA:64,8
DA:65,8
DA:68,6
DA:71,1
LF:45
LH:45
BRDA:11,0,0,2
BRDA:11,0,1,1
BRDA:21,1,0,1
BRDA:21,1,1,2
BRDA:30,2,0,1
BRDA:30,2,1,2
BRDA:37,3,0,3
BRDA:37,3,1,6
BRDA:45,4,0,4
BRDA:45,4,1,11
BRDA:58,5,0,6
BRDA:58,5,1,8
BRF:12
BRH:12
end_of_record
